<?xml version="1.0" encoding="UTF-8"?>
<!-- Generated by org.testng.reporters.JUnitXMLReporter -->
<testsuite hostname="DESKTOP-6L5BUV1" ignored="0" name="Test" tests="6" failures="0" timestamp="14 Jul 2020 11:24:17 GMT" time="0.082" errors="0">
  <testcase name="tc3" time="0.026" classname="org.testng.Case1"/>
  <testcase name="tc2" time="0.032" classname="org.testng.Case1"/>
  <testcase name="tc22" time="0.037" classname="org.testng.Sample2"/>
  <testcase name="tc33" time="0.037" classname="org.testng.Sample2"/>
  <testcase name="tc11" time="0.037" classname="org.testng.Sample2"/>
  <testcase name="tc1" time="0.042" classname="org.testng.Case1"/>
</testsuite> <!-- Test -->
