<?xml version="1.0" encoding="UTF-8"?>
<testng-results skipped="0" failed="0" ignored="0" total="6" passed="6">
  <reporter-output>
  </reporter-output>
  <suite name="Suite" duration-ms="82" started-at="2020-07-14T11:24:17Z" finished-at="2020-07-14T11:24:17Z">
    <groups>
    </groups>
    <test name="Test" duration-ms="82" started-at="2020-07-14T11:24:17Z" finished-at="2020-07-14T11:24:17Z">
      <class name="org.testng.Sample2">
        <test-method status="PASS" signature="tc11()[pri:0, instance:org.testng.Sample2@4520ebad]" name="tc11" duration-ms="37" started-at="2020-07-14T11:24:17Z" finished-at="2020-07-14T11:24:17Z">
          <reporter-output>
          </reporter-output>
        </test-method> <!-- tc11 -->
        <test-method status="PASS" signature="tc22()[pri:0, instance:org.testng.Sample2@4520ebad]" name="tc22" duration-ms="37" started-at="2020-07-14T11:24:17Z" finished-at="2020-07-14T11:24:17Z">
          <reporter-output>
          </reporter-output>
        </test-method> <!-- tc22 -->
        <test-method status="PASS" signature="tc33()[pri:0, instance:org.testng.Sample2@4520ebad]" name="tc33" duration-ms="37" started-at="2020-07-14T11:24:17Z" finished-at="2020-07-14T11:24:17Z">
          <reporter-output>
          </reporter-output>
        </test-method> <!-- tc33 -->
      </class> <!-- org.testng.Sample2 -->
      <class name="org.testng.Case1">
        <test-method status="PASS" signature="tc2()[pri:0, instance:org.testng.Case1@58651fd0]" name="tc2" duration-ms="32" started-at="2020-07-14T11:24:17Z" finished-at="2020-07-14T11:24:17Z">
          <reporter-output>
          </reporter-output>
        </test-method> <!-- tc2 -->
        <test-method status="PASS" signature="tc3()[pri:0, instance:org.testng.Case1@58651fd0]" name="tc3" duration-ms="26" started-at="2020-07-14T11:24:17Z" finished-at="2020-07-14T11:24:17Z">
          <reporter-output>
          </reporter-output>
        </test-method> <!-- tc3 -->
        <test-method status="PASS" signature="tc1()[pri:0, instance:org.testng.Case1@58651fd0]" name="tc1" duration-ms="42" started-at="2020-07-14T11:24:17Z" finished-at="2020-07-14T11:24:17Z">
          <reporter-output>
          </reporter-output>
        </test-method> <!-- tc1 -->
      </class> <!-- org.testng.Case1 -->
    </test> <!-- Test -->
  </suite> <!-- Suite -->
</testng-results>
